{
  "stats": {
    "suites": 1,
    "tests": 1,
    "passes": 1,
    "pending": 0,
    "failures": 0,
    "start": "2022-05-23T06:01:34.199Z",
    "end": "2022-05-23T06:02:06.938Z",
    "duration": 32739,
    "testsRegistered": 1,
    "passPercent": 100,
    "pendingPercent": 0,
    "other": 0,
    "hasOther": false,
    "skipped": 0,
    "hasSkipped": false
  },
  "results": [
    {
      "uuid": "518b1cec-8833-443f-bdea-7d79280014c4",
      "title": "",
      "fullFile": "cypress/integration/4.List_value.js",
      "file": "cypress/integration/4.List_value.js",
      "beforeHooks": [],
      "afterHooks": [],
      "tests": [],
      "suites": [
        {
          "uuid": "dac6238f-665e-442a-8906-fa6d4abdd107",
          "title": "Checking the list value",
          "fullFile": "",
          "file": "",
          "beforeHooks": [],
          "afterHooks": [],
          "tests": [
            {
              "title": "List Value",
              "fullTitle": "Checking the list value List Value",
              "timedOut": null,
              "duration": 29504,
              "state": "passed",
              "speed": "slow",
              "pass": true,
              "fail": false,
              "pending": false,
              "context": null,
              "code": "//Collections Page\ncy.visit(url + '/collections/all');\n/*\ncy.get(selectors.wishlist_modal).eq(0).click({force:true})\ncy.wait(5000)\n\ncy.get(\"body\").then($body => {\n    if ($body.find(selectors.list).length < 1) {   \n        //evaluates as true\n        cy.get(selectors.close).click()\n        cy.get(selectors.wishlist_modal).eq(0).click({force:true})\n        cy.add_to_wishlist(5)\n        cy.go('back')\n        cy.add_to_wishlist(6)\n    \n    }\n    else{\n        cy.get(selectors.list).eq(0).click()\n            cy.get(selectors.product_in_list).then((c)=>{\n                if(c < 1){\n                    add_to_wishlist(5)\n                }\n            })\n         }\n});\n*/\n//Adding some products to wishlist modal to check the list value\ncy.get(_selectors.default.getProduct).eq(5).click();\ncy.get(_selectors.default.wishlist).click();\ncy.get(_selectors.default.add_to_wishlist).click();\ncy.wait(2000);\ncy.go('back');\ncy.get(_selectors.default.getProduct).eq(6).click();\ncy.get(_selectors.default.wishlist).click();\ncy.get(_selectors.default.add_to_wishlist).click();\ncy.wait(2000); //Opening the wishlist modal\ncy.get(_selectors.default.wishlist_modal).eq(0).click({\n  force: true\n});\ncy.wait(2000);\ncy.get(_selectors.default.list).eq(0).click();\ncy.wait(2000); //Initializing the listValue by 0.\nlet listValue = 0; //Going to every product in the specific list and add the price to listValue\ncy.get(_selectors.default.product_in_list).its('length').then(last => {\n  cy.get(_selectors.default.product_in_list).each((a, index) => {\n    cy.get(_selectors.default.product_in_list).eq(index).click({\n      force: true\n    });\n    cy.wait(1000); //Taking quantity and price of every product\n    cy.get('.swym-wishlist-quantity-select .swym-product-quantity > div').eq(index).invoke('text').then(c => {\n      cy.get('.swym-product-price .swym-product-final-price').eq(index).invoke('text').then(text => {\n        let price = Number(text.slice(1));\n        listValue = listValue + Number(c) * price;\n        cy.log('listValue', listValue);\n      });\n    }).as('wish');\n    cy.get('@wish').then(inter => {\n      cy.log('listvalue', listValue);\n      if (last == index + 1) {\n        cy.log('last', listValue);\n        cy.get(_selectors.default.total_list_value).should('have.text', `$${listValue}.00`);\n      }\n    });\n    cy.get(_selectors.default.back_btn).click();\n  });\n}); //Closing the wishlist modal\ncy.get(_selectors.default.close).click();\ncy.go('back');",
              "err": {},
              "uuid": "b4a02ce0-82bb-48ea-8324-b813b00bd659",
              "parentUUID": "dac6238f-665e-442a-8906-fa6d4abdd107",
              "isHook": false,
              "skipped": false
            }
          ],
          "suites": [],
          "passes": [
            "b4a02ce0-82bb-48ea-8324-b813b00bd659"
          ],
          "failures": [],
          "pending": [],
          "skipped": [],
          "duration": 29504,
          "root": false,
          "rootEmpty": false,
          "_timeout": 2000
        }
      ],
      "passes": [],
      "failures": [],
      "pending": [],
      "skipped": [],
      "duration": 0,
      "root": true,
      "rootEmpty": true,
      "_timeout": 2000
    }
  ],
  "meta": {
    "mocha": {
      "version": "7.0.1"
    },
    "mochawesome": {
      "options": {
        "quiet": false,
        "reportFilename": "mochawesome",
        "saveHtml": false,
        "saveJson": true,
        "consoleReporter": "spec",
        "useInlineDiffs": false,
        "code": true
      },
      "version": "7.1.3"
    },
    "marge": {
      "options": {
        "id": "default",
        "reportDir": "cypress/reports/mocha",
        "quite": true,
        "overwrite": false,
        "html": false,
        "json": true
      },
      "version": "6.2.0"
    }
  }
}