{
  "stats": {
    "suites": 1,
    "tests": 1,
    "passes": 1,
    "pending": 0,
    "failures": 0,
    "start": "2022-05-23T06:04:01.849Z",
    "end": "2022-05-23T06:04:24.820Z",
    "duration": 22971,
    "testsRegistered": 1,
    "passPercent": 100,
    "pendingPercent": 0,
    "other": 0,
    "hasOther": false,
    "skipped": 0,
    "hasSkipped": false
  },
  "results": [
    {
      "uuid": "65901ff1-8dd2-4360-bba1-cee4564d8d08",
      "title": "",
      "fullFile": "cypress/integration/7.Delete_List.js",
      "file": "cypress/integration/7.Delete_List.js",
      "beforeHooks": [],
      "afterHooks": [],
      "tests": [],
      "suites": [
        {
          "uuid": "e1918450-1548-499c-9065-6e5152c9342b",
          "title": "Deleting list",
          "fullFile": "",
          "file": "",
          "beforeHooks": [],
          "afterHooks": [],
          "tests": [
            {
              "title": "Delete a list",
              "fullTitle": "Deleting list Delete a list",
              "timedOut": null,
              "duration": 20049,
              "state": "passed",
              "speed": "slow",
              "pass": true,
              "fail": false,
              "pending": false,
              "context": null,
              "code": "//Collections Page\ncy.visit(url + '/collections/all');\n/*\ncy.get(selectors.wishlist_modal).eq(0).click({force:true})\ncy.get(\"body\").then($body => {\n if ($body.find(selectors.list).length < 1) {\n     cy.get(selectors.close).click()\n     cy.add_to_wishlist(10)  \n }\n });*/\ncy.get(_selectors.default.getProduct).eq(10).click();\ncy.get(_selectors.default.wishlist).click();\ncy.get(_selectors.default.add_to_wishlist).click();\ncy.wait(2000);\ncy.go('back'); //Wishlist Modal\ncy.get(_selectors.default.wishlist_modal).eq(0).click({\n  force: true\n});\ncy.wait(1000);\ncy.get(_selectors.default.list).eq(0).click();\ncy.get(_selectors.default.actions).click({\n  force: true\n}); //Deleting the list\ncy.get('.swym-wishlist-context-menu-content > button').contains('Delete List').click();\ncy.get('.swym-clear-wishlist-modal-dialog > button').eq(0).click();\ncy.get('.swym-wishlist-container-content-htc-user > div').should('have.class', 'swym-empty-wishlist-container');",
              "err": {},
              "uuid": "5550ae1a-f0bb-44c0-8cf7-ead6584ec658",
              "parentUUID": "e1918450-1548-499c-9065-6e5152c9342b",
              "isHook": false,
              "skipped": false
            }
          ],
          "suites": [],
          "passes": [
            "5550ae1a-f0bb-44c0-8cf7-ead6584ec658"
          ],
          "failures": [],
          "pending": [],
          "skipped": [],
          "duration": 20049,
          "root": false,
          "rootEmpty": false,
          "_timeout": 2000
        }
      ],
      "passes": [],
      "failures": [],
      "pending": [],
      "skipped": [],
      "duration": 0,
      "root": true,
      "rootEmpty": true,
      "_timeout": 2000
    }
  ],
  "meta": {
    "mocha": {
      "version": "7.0.1"
    },
    "mochawesome": {
      "options": {
        "quiet": false,
        "reportFilename": "mochawesome",
        "saveHtml": false,
        "saveJson": true,
        "consoleReporter": "spec",
        "useInlineDiffs": false,
        "code": true
      },
      "version": "7.1.3"
    },
    "marge": {
      "options": {
        "id": "default",
        "reportDir": "cypress/reports/mocha",
        "quite": true,
        "overwrite": false,
        "html": false,
        "json": true
      },
      "version": "6.2.0"
    }
  }
}