{
  "stats": {
    "suites": 1,
    "tests": 1,
    "passes": 0,
    "pending": 0,
    "failures": 1,
    "start": "2022-05-23T05:57:48.003Z",
    "end": "2022-05-23T05:58:23.801Z",
    "duration": 35798,
    "testsRegistered": 1,
    "passPercent": 0,
    "pendingPercent": 0,
    "other": 0,
    "hasOther": false,
    "skipped": 0,
    "hasSkipped": false
  },
  "results": [
    {
      "uuid": "9a1ca7de-c635-490c-8973-359f83129b79",
      "title": "",
      "fullFile": "cypress/integration/10.Comments.js",
      "file": "cypress/integration/10.Comments.js",
      "beforeHooks": [],
      "afterHooks": [],
      "tests": [],
      "suites": [
        {
          "uuid": "34c7b2cf-0062-485c-8b11-c6434f3b40e5",
          "title": "Comments",
          "fullFile": "",
          "file": "",
          "beforeHooks": [],
          "afterHooks": [],
          "tests": [
            {
              "title": "Comment on a list and product ",
              "fullTitle": "Comments Comment on a list and product ",
              "timedOut": null,
              "duration": 32695,
              "state": "failed",
              "speed": null,
              "pass": false,
              "fail": true,
              "pending": false,
              "context": null,
              "code": "//Collections Page\ncy.visit(url + '/collections/all');\n/*\ncy.get(selectors.wishlist_modal).eq(0).click({force:true})\ncy.get(\"body\").then($body => {\n    if ($body.find(selectors.list).length < 1) {\n        cy.get(selectors.close).click()\n        cy.add_to_wishlist(7)  \n    }\n});\n*/\ncy.get(_selectors.default.getProduct).eq(8).click();\ncy.get(_selectors.default.wishlist).click();\ncy.get(_selectors.default.add_to_wishlist).click();\ncy.wait(2000); //Opening the wishlist modal\ncy.get(_selectors.default.wishlist_modal).eq(0).click({\n  force: true\n});\ncy.wait(2000);\ncy.get(_selectors.default.list).eq(0).click();\ncy.wait(3000);\ncy.get('.swym-comments-preview .swym-add-comment-container .swym-add-comment > textarea').click({\n  force: true\n});\ncy.wait(5000); //Commenting on the list\ncy.get('.swym-add-comment-container .swym-add-comment > textarea').eq(1).type('New model of this product?');\ncy.get('.swym-comments-content .swym-add-comment-container .swym-add-comment > button').click({\n  force: true\n});\ncy.get('.swym-modal-content .swym-close-btn.swym-nav').click();\ncy.get('.swym-comment-item .swym-comment-details .swym-comment-text').should('have.text', 'New model of this product?');\ncy.get(_selectors.default.close).click();\ncy.go('back'); //Commenting on the product\ncy.wait(2000);\ncy.get(_selectors.default.wishlist_modal).eq(0).click({\n  force: true\n});\ncy.get(_selectors.default.list).eq(0).click();\ncy.get(_selectors.default.product_in_list).eq(0).click();\ncy.get('.swym-comments-preview .swym-add-comment-container .swym-add-comment > textarea').click({\n  force: true\n});\ncy.get('.swym-add-comment-container .swym-add-comment > textarea').eq(1).type('New Model of this?');\ncy.get('.swym-comments-content .swym-add-comment-container .swym-add-comment > button').click({\n  force: true\n});\ncy.get('.swym-modal-content .swym-close-btn.swym-nav').click();\ncy.get('.swym-comment-item .swym-comment-details .swym-comment-text').should('have.text', 'New Model of this?'); //Closing the wishlist modal\ncy.get(_selectors.default.close).click();\ncy.go('back');",
              "err": {
                "message": "AssertionError: Timed out retrying after 4000ms: Expected to find element: `.swym-comments-preview .swym-add-comment-container .swym-add-comment > textarea`, but never found it.",
                "estack": "AssertionError: Timed out retrying after 4000ms: Expected to find element: `.swym-comments-preview .swym-add-comment-container .swym-add-comment > textarea`, but never found it.\n    at Context.eval (https://htc-demo-store.myshopify.com/__cypress/tests?p=cypress/integration/10.Comments.js:172:8)",
                "diff": null
              },
              "uuid": "d694392a-b673-4267-8925-3e4197fd2dbc",
              "parentUUID": "34c7b2cf-0062-485c-8b11-c6434f3b40e5",
              "isHook": false,
              "skipped": false
            }
          ],
          "suites": [],
          "passes": [],
          "failures": [
            "d694392a-b673-4267-8925-3e4197fd2dbc"
          ],
          "pending": [],
          "skipped": [],
          "duration": 32695,
          "root": false,
          "rootEmpty": false,
          "_timeout": 2000
        }
      ],
      "passes": [],
      "failures": [],
      "pending": [],
      "skipped": [],
      "duration": 0,
      "root": true,
      "rootEmpty": true,
      "_timeout": 2000
    }
  ],
  "meta": {
    "mocha": {
      "version": "7.0.1"
    },
    "mochawesome": {
      "options": {
        "quiet": false,
        "reportFilename": "mochawesome",
        "saveHtml": false,
        "saveJson": true,
        "consoleReporter": "spec",
        "useInlineDiffs": false,
        "code": true
      },
      "version": "7.1.3"
    },
    "marge": {
      "options": {
        "id": "default",
        "reportDir": "cypress/reports/mocha",
        "quite": true,
        "overwrite": false,
        "html": false,
        "json": true
      },
      "version": "6.2.0"
    }
  }
}