{
  "stats": {
    "suites": 1,
    "tests": 1,
    "passes": 0,
    "pending": 0,
    "failures": 1,
    "start": "2022-05-23T05:59:36.262Z",
    "end": "2022-05-23T06:00:19.155Z",
    "duration": 42893,
    "testsRegistered": 1,
    "passPercent": 0,
    "pendingPercent": 0,
    "other": 0,
    "hasOther": false,
    "skipped": 0,
    "hasSkipped": false
  },
  "results": [
    {
      "uuid": "6bf1aff3-f774-40b4-86a8-8ea4fa4f2c87",
      "title": "",
      "fullFile": "cypress/integration/12.Add_Collaborator.js",
      "file": "cypress/integration/12.Add_Collaborator.js",
      "beforeHooks": [],
      "afterHooks": [],
      "tests": [],
      "suites": [
        {
          "uuid": "1f297d2f-3ccc-4a94-8da4-a49d7af40f8c",
          "title": "Adding a collaborator",
          "fullFile": "",
          "file": "",
          "beforeHooks": [],
          "afterHooks": [],
          "tests": [
            {
              "title": "Add a Collobarator",
              "fullTitle": "Adding a collaborator Add a Collobarator",
              "timedOut": null,
              "duration": 39500,
              "state": "failed",
              "speed": null,
              "pass": false,
              "fail": true,
              "pending": false,
              "context": null,
              "code": "//COllectiosn Page\ncy.visit(url + '/collections/all');\n/*\ncy.get(selectors.wishlist_modal).eq(0).click({force:true})\ncy.get(\"body\").then($body => {\nif ($body.find(selectors.list).length < 1) {\n    cy.get(selectors.close).click()\n    cy.add_to_wishlist(5)  \n}\n});\n*/\ncy.get(_selectors.default.getProduct).eq(14).click();\ncy.wait(4000); //Clicking on the wishlist button in the PDP\ncy.get(_selectors.default.wishlist).click();\ncy.get(_selectors.default.add_to_wishlist).click();\ncy.wait(2000); //Adding Collaboratpr\ncy.get(_selectors.default.wishlist_modal).eq(0).click({\n  force: true\n});\ncy.wait(3000);\ncy.get(_selectors.default.list).eq(0).click();\ncy.get(_selectors.default.actions).click({\n  force: true\n});\nvar pid = \"\"; //RouteMatcher\ncy.window().then(win => {\n  pid = encodeURIComponent(win.swymJSObject.pid);\n  cy.intercept('/api/v3/lists/add-collaborator?pid=' + pid).as('AddCollaborator');\n  cy.get(_selectors.default.collaborator).contains('Add Collaborator').click();\n  cy.get(_selectors.default.collaborator_email).type('anjana.swathi@swymcorp.com');\n  cy.get(_selectors.default.add_collaborator).click(); //Checking whether it gave statuscode is 200 or not.\n  cy.wait('@AddCollaborator').then(intercept => {\n    expect(intercept.response.statusCode).to.equal(200);\n  });\n});",
              "err": {
                "message": "AssertionError: Timed out retrying after 4000ms: Expected to find content: 'Add Collaborator' within the element: [ <button.swym-wishlist-context-menu-item.swym-duplicate.swym-nav.swym-nav-1.swym-is-button>, 1 more... ] but never did.",
                "estack": "AssertionError: Timed out retrying after 4000ms: Expected to find content: 'Add Collaborator' within the element: [ <button.swym-wishlist-context-menu-item.swym-duplicate.swym-nav.swym-nav-1.swym-is-button>, 1 more... ] but never did.\n    at Context.eval (https://htc-demo-store.myshopify.com/__cypress/tests?p=cypress/integration/12.Add_Collaborator.js:174:47)",
                "diff": null
              },
              "uuid": "c53ee138-78b1-4f47-9d0f-73601f7ebe6a",
              "parentUUID": "1f297d2f-3ccc-4a94-8da4-a49d7af40f8c",
              "isHook": false,
              "skipped": false
            }
          ],
          "suites": [],
          "passes": [],
          "failures": [
            "c53ee138-78b1-4f47-9d0f-73601f7ebe6a"
          ],
          "pending": [],
          "skipped": [],
          "duration": 39500,
          "root": false,
          "rootEmpty": false,
          "_timeout": 2000
        }
      ],
      "passes": [],
      "failures": [],
      "pending": [],
      "skipped": [],
      "duration": 0,
      "root": true,
      "rootEmpty": true,
      "_timeout": 2000
    }
  ],
  "meta": {
    "mocha": {
      "version": "7.0.1"
    },
    "mochawesome": {
      "options": {
        "quiet": false,
        "reportFilename": "mochawesome",
        "saveHtml": false,
        "saveJson": true,
        "consoleReporter": "spec",
        "useInlineDiffs": false,
        "code": true
      },
      "version": "7.1.3"
    },
    "marge": {
      "options": {
        "id": "default",
        "reportDir": "cypress/reports/mocha",
        "quite": true,
        "overwrite": false,
        "html": false,
        "json": true
      },
      "version": "6.2.0"
    }
  }
}