{
  "stats": {
    "suites": 1,
    "tests": 1,
    "passes": 1,
    "pending": 0,
    "failures": 0,
    "start": "2022-05-23T05:58:37.063Z",
    "end": "2022-05-23T05:59:22.389Z",
    "duration": 45326,
    "testsRegistered": 1,
    "passPercent": 100,
    "pendingPercent": 0,
    "other": 0,
    "hasOther": false,
    "skipped": 0,
    "hasSkipped": false
  },
  "results": [
    {
      "uuid": "89a27a3c-97e2-4580-80a4-bfe9887ae6de",
      "title": "",
      "fullFile": "cypress/integration/11.Filter.js",
      "file": "cypress/integration/11.Filter.js",
      "beforeHooks": [],
      "afterHooks": [],
      "tests": [],
      "suites": [
        {
          "uuid": "94e54063-f8b4-4445-add3-4e6e0cebead5",
          "title": "Filter by label",
          "fullFile": "",
          "file": "",
          "beforeHooks": [],
          "afterHooks": [],
          "tests": [
            {
              "title": "Filter by label",
              "fullTitle": "Filter by label Filter by label",
              "timedOut": null,
              "duration": 41980,
              "state": "passed",
              "speed": "slow",
              "pass": true,
              "fail": false,
              "pending": false,
              "context": null,
              "code": "//Collections Page\ncy.visit(url + '/collections/all');\n/*\ncy.get(selectors.wishlist_modal).eq(0).click()\ncy.get(\"body\").then($body => {\n    if ($body.find(selectors.list).length < 1) {\n        cy.get(selectors.close).click()\n        cy.add_to_wishlist(5)  \n    }\n});\ncy.get(selectors.getProduct).eq(2).click()\ncy.wait(2000)\ncy.get(selectors.wishlist).click()\ncy.wait(4000)\ncy.get('.swym-modal-content .swym-add-wishlist-container .swym-wishlist-options .swym-option-label').click()\ncy.get('.swym-results-container > button:nth-child(1)').click()\ncy.get(selectors.add_to_wishlist).click()\ncy.go('back')\n*/\ncy.get(_selectors.default.getProduct).eq(5).click();\ncy.wait(4000); //Clicking on the wishlist button in the PDP\ncy.get(_selectors.default.wishlist).click();\ncy.get(_selectors.default.add_to_wishlist).click();\ncy.go('back');\nlet name = \"new collections\";\ncy.get('.grid .grid__item > div > div >div:nth-child(3) .grid-link__title').eq(13).invoke('text').then(text1 => {\n  cy.get(_selectors.default.getProduct).eq(13).click();\n  cy.wait(2000);\n  cy.get(_selectors.default.wishlist).click(); // More waiting time bcoz it had many api's to fetch , \n  cy.wait(2000);\n  cy.get('.swym-modal-content .swym-add-wishlist-container .swym-wishlist-options .swym-option-label').click();\n  cy.get('.swym-label-input-container > input').type(name);\n  cy.get('.swym-new-label-container > button').click();\n  cy.get(_selectors.default.add_to_wishlist).click();\n  cy.wait(2000);\n  cy.go('back');\n  cy.get('.grid .grid__item > div > div >div:nth-child(3) .grid-link__title').eq(14).invoke('text').then(text2 => {\n    cy.get(_selectors.default.getProduct).eq(14).click();\n    cy.wait(2000);\n    cy.get(_selectors.default.wishlist).click();\n    cy.wait(2000);\n    cy.get('.swym-modal-content .swym-add-wishlist-container .swym-wishlist-options .swym-option-label').click();\n    cy.get('.swym-results-container .swym-label-name').contains(name).click();\n    cy.get(_selectors.default.add_to_wishlist).click();\n    cy.wait(2000);\n    cy.get(_selectors.default.wishlist_modal).eq(0).click({\n      force: true\n    });\n    cy.get(_selectors.default.my_wishlist).contains('My Wishlist').click();\n    cy.get('.swym-wishlist-detail-htc-user .swym-wishlist-detail-header .swym-primary-actions .swym-label-dropdown').click();\n    cy.get('.swym-results-container .swym-search-results-list > button .swym-label-name').contains(name).click();\n    cy.get('.swym-group-by-label .swym-group-by-label-name').should('have.text', name);\n    cy.wait(2000);\n    cy.get('.swym-group-by-label .swym-wishlist-grid > a').its('length').should('eq', 2);\n    cy.get('.swym-group-by-label .swym-wishlist-grid > a .swym-title').eq(0).should('have.text', text2);\n    cy.get('.swym-group-by-label .swym-wishlist-grid > a .swym-title').eq(1).should('have.text', text1);\n  });\n});",
              "err": {},
              "uuid": "cdf231b5-c32b-4790-a35c-67ba6694bda4",
              "parentUUID": "94e54063-f8b4-4445-add3-4e6e0cebead5",
              "isHook": false,
              "skipped": false
            }
          ],
          "suites": [],
          "passes": [
            "cdf231b5-c32b-4790-a35c-67ba6694bda4"
          ],
          "failures": [],
          "pending": [],
          "skipped": [],
          "duration": 41980,
          "root": false,
          "rootEmpty": false,
          "_timeout": 2000
        }
      ],
      "passes": [],
      "failures": [],
      "pending": [],
      "skipped": [],
      "duration": 0,
      "root": true,
      "rootEmpty": true,
      "_timeout": 2000
    }
  ],
  "meta": {
    "mocha": {
      "version": "7.0.1"
    },
    "mochawesome": {
      "options": {
        "quiet": false,
        "reportFilename": "mochawesome",
        "saveHtml": false,
        "saveJson": true,
        "consoleReporter": "spec",
        "useInlineDiffs": false,
        "code": true
      },
      "version": "7.1.3"
    },
    "marge": {
      "options": {
        "id": "default",
        "reportDir": "cypress/reports/mocha",
        "quite": true,
        "overwrite": false,
        "html": false,
        "json": true
      },
      "version": "6.2.0"
    }
  }
}