{
  "stats": {
    "suites": 1,
    "tests": 1,
    "passes": 1,
    "pending": 0,
    "failures": 0,
    "start": "2022-05-23T06:02:31.712Z",
    "end": "2022-05-23T06:03:47.051Z",
    "duration": 75339,
    "testsRegistered": 1,
    "passPercent": 100,
    "pendingPercent": 0,
    "other": 0,
    "hasOther": false,
    "skipped": 0,
    "hasSkipped": false
  },
  "results": [
    {
      "uuid": "e9a90dfc-2d31-412c-9ec3-537bc9ff81aa",
      "title": "",
      "fullFile": "cypress/integration/6.Share_List.js",
      "file": "cypress/integration/6.Share_List.js",
      "beforeHooks": [],
      "afterHooks": [],
      "tests": [],
      "suites": [
        {
          "uuid": "483148a5-cc8b-4ddc-860d-6b00ba553f99",
          "title": "Sharing list",
          "fullFile": "",
          "file": "",
          "beforeHooks": [],
          "afterHooks": [],
          "tests": [
            {
              "title": "Sharing List",
              "fullTitle": "Sharing list Sharing List",
              "timedOut": null,
              "duration": 72127,
              "state": "passed",
              "speed": "slow",
              "pass": true,
              "fail": false,
              "pending": false,
              "context": null,
              "code": "//Collections Page\ncy.visit(url + '/collections/all');\n/*\ncy.get(selectors.wishlist_modal).eq(0).click({force:true})\ncy.get(\"body\").then($body => {\n    if ($body.find(selectors.list).length < 1) {\n        cy.get(selectors.close).click()\n        cy.add_to_wishlist(8)  \n    }\n});*/\ncy.get(_selectors.default.getProduct).eq(9).click();\ncy.get(_selectors.default.wishlist).click();\ncy.get(_selectors.default.add_to_wishlist).click();\ncy.wait(2000);\ncy.go('back');\ncy.wait(2000);\ncy.get(_selectors.default.wishlist_modal).eq(0).click({\n  force: true\n});\ncy.wait(3000);\ncy.get(_selectors.default.list).eq(0).click();\ncy.wait(3000); //Sharing the list\ncy.get(_selectors.default.share_list).click();\nvar pid = \"\"; //RouteMatcher using intercepts\ncy.window().then(win => {\n  pid = encodeURIComponent(win.swymJSObject.pid);\n  cy.intercept('/api/v3/lists/emailList?pid=' + pid).as('CheckShare');\n  cy.get('#swym-email').type('awesomeqqq12345@gmail.com');\n  cy.get(_selectors.default.share).click();\n  cy.wait(2000); //Checking whether it gave statuscode is 200 or not.\n  cy.wait('@CheckShare').then(intercept => {\n    expect(intercept.response.statusCode).to.equal(200);\n  });\n});",
              "err": {},
              "uuid": "925723aa-bcd0-4fcf-80b8-6c0bc2dfaa94",
              "parentUUID": "483148a5-cc8b-4ddc-860d-6b00ba553f99",
              "isHook": false,
              "skipped": false
            }
          ],
          "suites": [],
          "passes": [
            "925723aa-bcd0-4fcf-80b8-6c0bc2dfaa94"
          ],
          "failures": [],
          "pending": [],
          "skipped": [],
          "duration": 72127,
          "root": false,
          "rootEmpty": false,
          "_timeout": 2000
        }
      ],
      "passes": [],
      "failures": [],
      "pending": [],
      "skipped": [],
      "duration": 0,
      "root": true,
      "rootEmpty": true,
      "_timeout": 2000
    }
  ],
  "meta": {
    "mocha": {
      "version": "7.0.1"
    },
    "mochawesome": {
      "options": {
        "quiet": false,
        "reportFilename": "mochawesome",
        "saveHtml": false,
        "saveJson": true,
        "consoleReporter": "spec",
        "useInlineDiffs": false,
        "code": true
      },
      "version": "7.1.3"
    },
    "marge": {
      "options": {
        "id": "default",
        "reportDir": "cypress/reports/mocha",
        "quite": true,
        "overwrite": false,
        "html": false,
        "json": true
      },
      "version": "6.2.0"
    }
  }
}