{
  "stats": {
    "suites": 1,
    "tests": 1,
    "passes": 1,
    "pending": 0,
    "failures": 0,
    "start": "2022-05-23T06:04:33.170Z",
    "end": "2022-05-23T06:04:59.707Z",
    "duration": 26537,
    "testsRegistered": 1,
    "passPercent": 100,
    "pendingPercent": 0,
    "other": 0,
    "hasOther": false,
    "skipped": 0,
    "hasSkipped": false
  },
  "results": [
    {
      "uuid": "39a92c66-2712-4391-8e89-2e24d22c573e",
      "title": "",
      "fullFile": "cypress/integration/8.Duplicate_List.js",
      "file": "cypress/integration/8.Duplicate_List.js",
      "beforeHooks": [],
      "afterHooks": [],
      "tests": [],
      "suites": [
        {
          "uuid": "0184c558-cd2e-4de9-b285-80b4c801e4d4",
          "title": "Duplicating list",
          "fullFile": "",
          "file": "",
          "beforeHooks": [],
          "afterHooks": [],
          "tests": [
            {
              "title": "Duplicate a list",
              "fullTitle": "Duplicating list Duplicate a list",
              "timedOut": null,
              "duration": 23143,
              "state": "passed",
              "speed": "slow",
              "pass": true,
              "fail": false,
              "pending": false,
              "context": null,
              "code": "//Collections Page\ncy.visit(url + '/collections/all');\n/*\ncy.get(selectors.wishlist_modal).eq(0).click({force:true})\ncy.get(\"body\").then($body => {\n if ($body.find(selectors.list).length < 1) {\n     cy.get(selectors.close).click()\n     cy.add_to_wishlist(10)  \n }\n});\n*/\ncy.get('.grid .grid__item > div > div >div:nth-child(3) .grid-link__title').eq(11).invoke('text').then(text => {\n  cy.get(_selectors.default.getProduct).eq(11).click();\n  cy.get(_selectors.default.wishlist).click();\n  cy.get(_selectors.default.add_to_wishlist).click();\n  cy.wait(2000);\n  cy.get(_selectors.default.wishlist_modal).eq(0).click({\n    force: true\n  });\n  cy.wait(1000);\n  cy.get(_selectors.default.list).eq(0).click({\n    force: true\n  });\n  cy.get(_selectors.default.actions).click({\n    force: true\n  }); //Duplicating a list\n  cy.get('.swym-wishlist-context-menu-content > button').contains('Duplicate List').click();\n  cy.get('.swym-duplicate-wishlist-button-container .swym-duplicate-wishlist-btn').click();\n  cy.wait(2000);\n  cy.get(_selectors.default.my_wishlist).contains('My Wishlist Copy').click();\n  cy.get(_selectors.default.title).should('have.text', text);\n  cy.get(_selectors.default.close).click();\n  cy.go('back');\n});",
              "err": {},
              "uuid": "7ed0a557-b872-4369-a3b4-d74971cadf92",
              "parentUUID": "0184c558-cd2e-4de9-b285-80b4c801e4d4",
              "isHook": false,
              "skipped": false
            }
          ],
          "suites": [],
          "passes": [
            "7ed0a557-b872-4369-a3b4-d74971cadf92"
          ],
          "failures": [],
          "pending": [],
          "skipped": [],
          "duration": 23143,
          "root": false,
          "rootEmpty": false,
          "_timeout": 2000
        }
      ],
      "passes": [],
      "failures": [],
      "pending": [],
      "skipped": [],
      "duration": 0,
      "root": true,
      "rootEmpty": true,
      "_timeout": 2000
    }
  ],
  "meta": {
    "mocha": {
      "version": "7.0.1"
    },
    "mochawesome": {
      "options": {
        "quiet": false,
        "reportFilename": "mochawesome",
        "saveHtml": false,
        "saveJson": true,
        "consoleReporter": "spec",
        "useInlineDiffs": false,
        "code": true
      },
      "version": "7.1.3"
    },
    "marge": {
      "options": {
        "id": "default",
        "reportDir": "cypress/reports/mocha",
        "quite": true,
        "overwrite": false,
        "html": false,
        "json": true
      },
      "version": "6.2.0"
    }
  }
}